
Showing logs for build [32mcb-kubecd-environment-pr-128-53-r8pqz-1[0m stage [32mfrom-build-pack[0m and container [32mstep-credential-initializer-lx8d7[0m
{"level":"warn","ts":1578669290.0156205,"logger":"fallback-logger","caller":"logging/config.go:69","msg":"Fetch GitHub commit ID from kodata failed: \"ref: refs/heads/0.8.0-**-support-backwards-incompats\" is not a valid GitHub commit ID"}
{"level":"info","ts":1578669290.0158536,"logger":"fallback-logger","caller":"creds-init/main.go:40","msg":"Credentials initialized."}

Showing logs for build [32mcb-kubecd-environment-pr-128-53-r8pqz-1[0m stage [32mfrom-build-pack[0m and container [32mstep-working-dir-initializer-k8g5f[0m
{"level":"warn","ts":1578669290.992152,"logger":"fallback-logger","caller":"logging/config.go:69","msg":"Fetch GitHub commit ID from kodata failed: open /var/run/ko/HEAD: no such file or directory"}
{"level":"info","ts":1578669290.9930196,"logger":"fallback-logger","caller":"bash/main.go:64","msg":"Successfully executed command \"sh -c mkdir -p /workspace/source\"; output "}

Showing logs for build [32mcb-kubecd-environment-pr-128-53-r8pqz-1[0m stage [32mfrom-build-pack[0m and container [32mstep-place-tools[0m

Showing logs for build [32mcb-kubecd-environment-pr-128-53-r8pqz-1[0m stage [32mfrom-build-pack[0m and container [32mstep-git-source-cb-kubecd-environment-pr-128-53-9jmhv[0m
{"level":"warn","ts":1578669295.0825016,"logger":"fallback-logger","caller":"logging/config.go:69","msg":"Fetch GitHub commit ID from kodata failed: \"ref: refs/heads/0.8.0-**-support-backwards-incompats\" is not a valid GitHub commit ID"}
{"level":"info","ts":1578669295.2669106,"logger":"fallback-logger","caller":"git/git.go:103","msg":"Successfully cloned https://github.com/cb-kubecd/environment-pr-128-53-boot-eks-production.git @ master in path /workspace/source"}

Showing logs for build [32mcb-kubecd-environment-pr-128-53-r8pqz-1[0m stage [32mfrom-build-pack[0m and container [32mstep-git-merge[0m
Using SHAs from PULL_REFS=master:137801f6f0cfd457ca3174fa6fdded4569cd2e25,1:055100916d3da9ef1340a9db209f77963465a306
DEBUG: ran git fetch --unshallow origin 055100916d3da9ef1340a9db209f77963465a306: 137801f6f0cfd457ca3174fa6fdded4569cd2e25: in 
DEBUG: ran git checkout master in 
DEBUG: ran git reset --hard 137801f6f0cfd457ca3174fa6fdded4569cd2e25 in 
DEBUG: ran clean --force -d . in 
DEBUG: ran git merge 055100916d3da9ef1340a9db209f77963465a306 in 
Merged SHA 055100916d3da9ef1340a9db209f77963465a306 with commit message 'chore: Promote bdd-spring-1578668737 to version 0.0.1' into base branch master

Showing logs for build [32mcb-kubecd-environment-pr-128-53-r8pqz-1[0m stage [32mfrom-build-pack[0m and container [32mstep-build-helm-build[0m
WARNING: No $CHART_REPOSITORY defined so using the default value of: http://jenkins-x-chartmuseum:8080
Adding missing Helm repo: storage.googleapis.com https://storage.googleapis.com/chartmuseum.jenkins-x.io
WARNING: No secrets found on "helm/repos" due: reading the secret "helm/repos" from vault: no secret "helm/repos" not found in vault
Read credentials for https://storage.googleapis.com/chartmuseum.jenkins-x.io from vault helm/repos
Successfully added Helm repository storage.googleapis.com.
Adding missing Helm repo: jenkins-x-chartmuseum http://jenkins-x-chartmuseum:8080
WARNING: No secrets found on "helm/repos" due: reading the secret "helm/repos" from vault: no secret "helm/repos" not found in vault
Read credentials for http://jenkins-x-chartmuseum:8080 from vault helm/repos
Successfully added Helm repository jenkins-x-chartmuseum.
WARNING: No $CHART_REPOSITORY defined so using the default value of: http://jenkins-x-chartmuseum:8080
Adding missing Helm repo: chartmuseum.jenkins-x.io http://chartmuseum.jenkins-x.io
WARNING: No secrets found on "helm/repos" due: reading the secret "helm/repos" from vault: no secret "helm/repos" not found in vault
Read credentials for http://chartmuseum.jenkins-x.io from vault helm/repos
Successfully added Helm repository chartmuseum.jenkins-x.io.
